[15:43:20] [ServerMain/INFO]: Environment: authHost='https://authserver.mojang.com', accountsHost='https://api.mojang.com', sessionHost='https://sessionserver.mojang.com', servicesHost='https://api.minecraftservices.com', name='PROD'
[15:43:21] [ServerMain/INFO]: Found new data pack file/bukkit, loading it automatically
[15:43:23] [Worker-Main-1/INFO]: Loaded 7 recipes
[15:43:26] [Server thread/INFO]: Starting minecraft server version 1.18.2
[15:43:26] [Server thread/INFO]: Loading properties
[15:43:26] [Server thread/INFO]: This server is running Paper version git-Paper-379 (MC: 1.18.2) (Implementing API version 1.18.2-R0.1-SNAPSHOT) (Git: 276d830)
[15:43:26] [Server thread/INFO]: Server Ping Player Sample Count: 12
[15:43:26] [Server thread/INFO]: Using 4 threads for Netty based IO
[15:43:26] [Server thread/INFO]: Default game type: SURVIVAL
[15:43:26] [Server thread/INFO]: Generating keypair
[15:43:26] [Server thread/INFO]: Starting Minecraft server on *:25565
[15:43:26] [Server thread/INFO]: Using epoll channel type
[15:43:26] [Server thread/INFO]: Paper: Using libdeflate (Linux x86_64) compression from Velocity.
[15:43:26] [Server thread/INFO]: Paper: Using OpenSSL 1.1.x (Linux x86_64) cipher from Velocity.
[15:43:27] [Server thread/INFO]: [playit-gg] Loading playit-gg v0.1.4
[15:43:27] [Server thread/INFO]: Server permissions file permissions.yml is empty, ignoring it
[15:43:27] [Server thread/WARN]: **** SERVER IS RUNNING IN OFFLINE/INSECURE MODE!
[15:43:27] [Server thread/WARN]: The server will make no attempt to authenticate usernames. Beware.
[15:43:27] [Server thread/WARN]: While this makes the game possible to play without internet access, it also opens up the ability for hackers to connect with any username they choose.
[15:43:27] [Server thread/WARN]: To change this, set "online-mode" to "true" in the server.properties file.
[15:43:27] [Server thread/INFO]: Preparing level "world"
[15:43:28] [Server thread/INFO]: -------- World Settings For [world] --------
[15:43:28] [Server thread/INFO]: View Distance: 10
[15:43:28] [Server thread/INFO]: Simulation Distance: 10
[15:43:28] [Server thread/INFO]: Item Merge Radius: 2.5
[15:43:28] [Server thread/INFO]: Item Despawn Rate: 6000
[15:43:28] [Server thread/INFO]: Allow Zombie Pigmen to spawn from portal blocks: true
[15:43:28] [Server thread/INFO]: Arrow Despawn Rate: 1200 Trident Respawn Rate:1200
[15:43:28] [Server thread/INFO]: Zombie Aggressive Towards Villager: true
[15:43:28] [Server thread/INFO]: Nerfing mobs spawned from spawners: false
[15:43:28] [Server thread/INFO]: Mob Spawn Range: 6
[15:43:28] [Server thread/INFO]: Max TNT Explosions: 100
[15:43:28] [Server thread/INFO]: Tile Max Tick Time: 50ms Entity max Tick Time: 50ms
[15:43:28] [Server thread/INFO]: Experience Merge Radius: 3.0
[15:43:28] [Server thread/INFO]: Entity Activation Range: An 32 / Mo 32 / Ra 48 / Mi 16 / Tiv true / Isa false
[15:43:28] [Server thread/INFO]: Entity Tracking Range: Pl 48 / An 48 / Mo 48 / Mi 32 / Other 64
[15:43:28] [Server thread/INFO]: Hopper Transfer: 8 Hopper Check: 1 Hopper Amount: 1
[15:43:28] [Server thread/INFO]: Custom Map Seeds:  Village: 10387312 Desert: 14357617 Igloo: 14357618 Jungle: 14357619 Swamp: 14357620 Monument: 10387313 Ocean: 14357621 Shipwreck: 165745295 End City: 10387313 Slime: 987234911 Nether: 30084232 Mansion: 10387319 Fossil: 14357921 Portal: 34222645
[15:43:28] [Server thread/INFO]: Cactus Growth Modifier: 100%
[15:43:28] [Server thread/INFO]: Cane Growth Modifier: 100%
[15:43:28] [Server thread/INFO]: Melon Growth Modifier: 100%
[15:43:28] [Server thread/INFO]: Mushroom Growth Modifier: 100%
[15:43:28] [Server thread/INFO]: Pumpkin Growth Modifier: 100%
[15:43:28] [Server thread/INFO]: Sapling Growth Modifier: 100%
[15:43:28] [Server thread/INFO]: Beetroot Growth Modifier: 100%
[15:43:28] [Server thread/INFO]: Carrot Growth Modifier: 100%
[15:43:28] [Server thread/INFO]: Potato Growth Modifier: 100%
[15:43:28] [Server thread/INFO]: Wheat Growth Modifier: 100%
[15:43:28] [Server thread/INFO]: NetherWart Growth Modifier: 100%
[15:43:28] [Server thread/INFO]: Vine Growth Modifier: 100%
[15:43:28] [Server thread/INFO]: Cocoa Growth Modifier: 100%
[15:43:28] [Server thread/INFO]: Bamboo Growth Modifier: 100%
[15:43:28] [Server thread/INFO]: SweetBerry Growth Modifier: 100%
[15:43:28] [Server thread/INFO]: Kelp Growth Modifier: 100%
[15:43:28] [Server thread/INFO]: TwistingVines Growth Modifier: 100%
[15:43:28] [Server thread/INFO]: WeepingVines Growth Modifier: 100%
[15:43:28] [Server thread/INFO]: CaveVines Growth Modifier: 100%
[15:43:28] [Server thread/INFO]: GlowBerry Growth Modifier: 100%
[15:43:28] [Server thread/INFO]: Preparing start region for dimension minecraft:overworld
[15:43:29] [Server thread/INFO]: Preparing spawn area: 0%
[15:43:29] [Server thread/INFO]: Preparing spawn area: 0%
[15:43:29] [Server thread/INFO]: Preparing spawn area: 0%
[15:43:29] [Server thread/INFO]: Preparing spawn area: 0%
[15:43:30] [Server thread/INFO]: Preparing spawn area: 0%
[15:43:30] [Server thread/INFO]: Preparing spawn area: 9%
[15:43:30] [Server thread/INFO]: Time elapsed: 2514 ms
[15:43:30] [Server thread/INFO]: [playit-gg] Enabling playit-gg v0.1.4
[15:43:31] [Server thread/INFO]: Running delayed init tasks
[15:43:31] [Server thread/INFO]: Done (5.352s)! For help, type "help"
[15:43:31] [Server thread/INFO]: Timings Reset
[15:43:34] [Thread-4/INFO]: [gg.playit.minecraft.PlayitKeysSetup] secret key not set, generate claim code: 5c34b2d85c311383
[15:43:34] [Thread-4/INFO]: [gg.playit.minecraft.PlayitKeysSetup] trying to exchange claim code for secret
[15:43:34] [Thread-4/INFO]: [gg.playit.minecraft.PlayitKeysSetup] failed to exchange, to claim visit: https://playit.gg/mc/5c34b2d85c311383
[15:43:37] [Thread-4/INFO]: [gg.playit.minecraft.PlayitKeysSetup] trying to exchange claim code for secret
[15:43:37] [Thread-4/INFO]: [gg.playit.minecraft.PlayitKeysSetup] failed to exchange, to claim visit: https://playit.gg/mc/5c34b2d85c311383
[15:43:40] [Thread-4/INFO]: [gg.playit.minecraft.PlayitKeysSetup] trying to exchange claim code for secret
[15:43:41] [Thread-4/INFO]: [gg.playit.minecraft.PlayitKeysSetup] failed to exchange, to claim visit: https://playit.gg/mc/5c34b2d85c311383
[15:43:44] [Thread-4/INFO]: [gg.playit.minecraft.PlayitKeysSetup] trying to exchange claim code for secret
[15:43:44] [Thread-4/INFO]: [gg.playit.minecraft.PlayitKeysSetup] failed to exchange, to claim visit: https://playit.gg/mc/5c34b2d85c311383
[15:43:47] [Thread-4/INFO]: [gg.playit.minecraft.PlayitKeysSetup] trying to exchange claim code for secret
[15:43:47] [Thread-4/INFO]: [gg.playit.minecraft.PlayitKeysSetup] failed to exchange, to claim visit: https://playit.gg/mc/5c34b2d85c311383
[15:43:50] [Thread-4/INFO]: [gg.playit.minecraft.PlayitKeysSetup] trying to exchange claim code for secret
[15:43:50] [Thread-4/INFO]: [gg.playit.minecraft.PlayitKeysSetup] failed to exchange, to claim visit: https://playit.gg/mc/5c34b2d85c311383
[15:43:53] [Thread-4/INFO]: [gg.playit.minecraft.PlayitKeysSetup] trying to exchange claim code for secret
[15:43:53] [Thread-4/INFO]: [gg.playit.minecraft.PlayitKeysSetup] failed to exchange, to claim visit: https://playit.gg/mc/5c34b2d85c311383
[15:43:56] [Thread-4/INFO]: [gg.playit.minecraft.PlayitKeysSetup] trying to exchange claim code for secret
[15:43:56] [Thread-4/INFO]: [gg.playit.minecraft.PlayitKeysSetup] failed to exchange, to claim visit: https://playit.gg/mc/5c34b2d85c311383
[15:43:59] [Thread-4/INFO]: [gg.playit.minecraft.PlayitKeysSetup] trying to exchange claim code for secret
[15:43:59] [Thread-4/INFO]: [gg.playit.minecraft.PlayitKeysSetup] failed to exchange, to claim visit: https://playit.gg/mc/5c34b2d85c311383
[15:44:02] [Thread-4/INFO]: [gg.playit.minecraft.PlayitKeysSetup] trying to exchange claim code for secret
[15:44:02] [Thread-4/INFO]: [gg.playit.minecraft.PlayitKeysSetup] failed to exchange, to claim visit: https://playit.gg/mc/5c34b2d85c311383
[15:44:05] [Thread-4/INFO]: [gg.playit.minecraft.PlayitKeysSetup] trying to exchange claim code for secret
[15:44:05] [Thread-4/INFO]: [gg.playit.minecraft.PlayitKeysSetup] failed to exchange, to claim visit: https://playit.gg/mc/5c34b2d85c311383
[15:44:08] [Thread-4/INFO]: [gg.playit.minecraft.PlayitKeysSetup] trying to exchange claim code for secret
[15:44:09] [Thread-4/INFO]: [gg.playit.minecraft.PlayitKeysSetup] failed to exchange, to claim visit: https://playit.gg/mc/5c34b2d85c311383
[15:44:12] [Thread-4/INFO]: [gg.playit.minecraft.PlayitKeysSetup] trying to exchange claim code for secret
[15:44:12] [Thread-4/INFO]: [gg.playit.minecraft.PlayitKeysSetup] failed to exchange, to claim visit: https://playit.gg/mc/5c34b2d85c311383
[15:44:15] [Thread-4/INFO]: [gg.playit.minecraft.PlayitKeysSetup] trying to exchange claim code for secret
[15:44:15] [Thread-4/INFO]: [gg.playit.minecraft.PlayitKeysSetup] failed to exchange, to claim visit: https://playit.gg/mc/5c34b2d85c311383
[15:44:18] [Thread-4/INFO]: [gg.playit.minecraft.PlayitKeysSetup] trying to exchange claim code for secret
[15:44:18] [Thread-4/INFO]: [gg.playit.minecraft.PlayitKeysSetup] check secret
[15:44:18] [Thread-4/INFO]: [gg.playit.minecraft.PlayitKeysSetup] create new minecraft java tunnel
[15:44:24] [Thread-4/INFO]: [gg.playit.minecraft.PlayitKeysSetup] found minecraft java tunnel: button-security.joinmc.link
[15:44:24] [Thread-4/INFO]: [gg.playit.minecraft.PlayitManager] keys and tunnel setup
[15:44:24] [Thread-4/INFO]: playit.gg: tunnel setup
[15:44:24] [Thread-4/INFO]: playit.gg: button-security.joinmc.link
[15:44:24] [Thread-4/WARN]: [gg.playit.control.ChannelSetup] Got IO error working with :control.playit.gg/2602:fbaf:830:0:0:0:0:1, error : java.net.SocketException: Network is unreachable
[15:44:24] [Thread-4/INFO]: [gg.playit.control.ChannelSetup] request queued, waiting 1 second before resend
[15:45:43] [Server thread/INFO]: Stopping the server
[15:45:43] [Server thread/INFO]: Stopping server
[15:45:43] [Server thread/INFO]: [playit-gg] Disabling playit-gg v0.1.4
[15:45:43] [Server thread/INFO]: Saving players
[15:45:44] [Server thread/INFO]: Saving worlds
[15:45:46] [Server thread/INFO]: Saving chunks for level 'ServerLevel[world]'/minecraft:overworld
[15:45:46] [Server thread/INFO]: ThreadedAnvilChunkStorage (world): All chunks are saved
[15:45:46] [Server thread/INFO]: ThreadedAnvilChunkStorage: All dimensions are saved
[15:45:46] [Server thread/INFO]: Flushing Chunk IO
[15:45:46] [Server thread/INFO]: Closing Thread Pool
[15:45:46] [Server thread/INFO]: Closing Server
